<?xml version="1.0" encoding="UTF-8"?>
<!-- Generated by org.testng.reporters.JUnitReportReporter -->
<testsuite skipped="0" hostname="E0500439" name="task.LoginAndCheckout" tests="5" failures="0" timestamp="30 Apr 2021 02:38:47 GMT" time="14.534" errors="0">
  <testcase name="Step1_loginToWebSite" time="5.369" classname="task.LoginAndCheckout"/>
  <testcase name="Step2_verifySuccessLogin" time="0.073" classname="task.LoginAndCheckout"/>
  <testcase name="Step3_addItemToCart" time="5.336" classname="task.LoginAndCheckout"/>
  <testcase name="Step4_checkout" time="3.722" classname="task.LoginAndCheckout"/>
  <testcase name="Step6_verifyShoppingCartContainsOneProduct" time="0.034" classname="task.LoginAndCheckout"/>
</testsuite> <!-- task.LoginAndCheckout -->
